<?xml version="1.0" encoding="UTF-8"?>
<testng-results skipped="0" failed="0" total="2" passed="2">
  <reporter-output>
  </reporter-output>
  <suite name="Suite" duration-ms="13834" started-at="2020-05-09T14:14:28Z" finished-at="2020-05-09T14:14:42Z">
    <groups>
    </groups>
    <test name="Test" duration-ms="13834" started-at="2020-05-09T14:14:28Z" finished-at="2020-05-09T14:14:42Z">
      <class name="pkg1.BaseClass">
        <test-method status="PASS" signature="launchBrowser()[pri:0, instance:pkg1.BaseClass@c1f6c289]" name="launchBrowser" duration-ms="3525" started-at="2020-05-09T19:44:28Z" finished-at="2020-05-09T19:44:32Z">
          <reporter-output>
          </reporter-output>
        </test-method> <!-- launchBrowser -->
        <test-method status="PASS" signature="openURL()[pri:0, instance:pkg1.BaseClass@c1f6c289]" name="openURL" duration-ms="10288" started-at="2020-05-09T19:44:32Z" finished-at="2020-05-09T19:44:42Z">
          <reporter-output>
          </reporter-output>
        </test-method> <!-- openURL -->
      </class> <!-- pkg1.BaseClass -->
    </test> <!-- Test -->
  </suite> <!-- Suite -->
</testng-results>
